# JRE version: OpenJDK Runtime Environment (21.0.7) (build 21.0.7+-13880790-b1038.58)
# Java VM: OpenJDK 64-Bit Server VM (21.0.7+-13880790-b1038.58, mixed mode, tiered, compressed oops, compressed class ptrs, g1 gc, windows-amd64)
GC Precious Log:
 CardTable entry size: 512
 Card Set container configuration: InlinePtr #cards 4 size 8 Array Of Cards #cards 32 size 80 Howl #buckets 8 coarsen threshold 7372 Howl Bitmap #cards 1024 size 144 coarsen threshold 921 Card regions per heap region 1 cards per card region 8192
 CPUs: 4 total, 4 available
 Memory: 12160M
 Large Page Support: Disabled
 NUMA Support: Disabled
 Compressed Oops: Enabled (Zero based)
 Heap Region Size: 4M
 Heap Min Capacity: 8M
 Heap Initial Capacity: 192M
 Heap Max Capacity: 8G
 Pre-touch: Disabled
 Parallel Workers: 4
 Concurrent Workers: 1
 Concurrent Refinement Workers: 4
 Periodic GC: Disabled
Heap:
 garbage-first heap   total 806912K, used 176098K [0x0000000600000000, 0x0000000800000000)
  region size 4096K, 8 young (32768K), 8 survivors (32768K)
 Metaspace       used 173719K, committed 175872K, reserved 1245184K
  class space    used 21984K, committed 23040K, reserved 1048576K
GC Heap History (20 events):
Event: 93.726 GC heap after
{Heap after GC invocations=86 (full 0):
 garbage-first heap   total 536576K, used 109639K [0x0000000600000000, 0x0000000800000000)
  region size 4096K, 4 young (16384K), 4 survivors (16384K)
 Metaspace       used 160483K, committed 162496K, reserved 1245184K
  class space    used 20567K, committed 21568K, reserved 1048576K
}
Event: 94.166 GC heap before
{Heap before GC invocations=86 (full 0):
 garbage-first heap   total 536576K, used 412743K [0x0000000600000000, 0x0000000800000000)
  region size 4096K, 78 young (319488K), 4 survivors (16384K)
 Metaspace       used 160489K, committed 162496K, reserved 1245184K
  class space    used 20567K, committed 21568K, reserved 1048576K
}
Event: 94.168 GC heap after
{Heap after GC invocations=87 (full 0):
 garbage-first heap   total 536576K, used 98712K [0x0000000600000000, 0x0000000800000000)
  region size 4096K, 1 young (4096K), 1 survivors (4096K)
 Metaspace       used 160489K, committed 162496K, reserved 1245184K
  class space    used 20567K, committed 21568K, reserved 1048576K
}
Event: 100.124 GC heap before
{Heap before GC invocations=87 (full 0):
 garbage-first heap   total 536576K, used 414104K [0x0000000600000000, 0x0000000800000000)
  region size 4096K, 78 young (319488K), 1 survivors (4096K)
 Metaspace       used 167205K, committed 169344K, reserved 1245184K
  class space    used 21505K, committed 22592K, reserved 1048576K
}
Event: 100.133 GC heap after
{Heap after GC invocations=88 (full 0):
 garbage-first heap   total 536576K, used 100975K [0x0000000600000000, 0x0000000800000000)
  region size 4096K, 2 young (8192K), 2 survivors (8192K)
 Metaspace       used 167205K, committed 169344K, reserved 1245184K
  class space    used 21505K, committed 22592K, reserved 1048576K
}
Event: 120.285 GC heap before
{Heap before GC invocations=88 (full 0):
 garbage-first heap   total 536576K, used 416367K [0x0000000600000000, 0x0000000800000000)
  region size 4096K, 78 young (319488K), 2 survivors (8192K)
 Metaspace       used 167756K, committed 169920K, reserved 1245184K
  class space    used 21525K, committed 22592K, reserved 1048576K
}
Event: 120.303 GC heap after
{Heap after GC invocations=89 (full 0):
 garbage-first heap   total 536576K, used 112260K [0x0000000600000000, 0x0000000800000000)
  region size 4096K, 3 young (12288K), 3 survivors (12288K)
 Metaspace       used 167756K, committed 169920K, reserved 1245184K
  class space    used 21525K, committed 22592K, reserved 1048576K
}
Event: 121.612 GC heap before
{Heap before GC invocations=89 (full 0):
 garbage-first heap   total 536576K, used 427652K [0x0000000600000000, 0x0000000800000000)
  region size 4096K, 78 young (319488K), 3 survivors (12288K)
 Metaspace       used 171179K, committed 173376K, reserved 1245184K
  class space    used 21773K, committed 22848K, reserved 1048576K
}
Event: 121.737 GC heap after
{Heap after GC invocations=90 (full 0):
 garbage-first heap   total 536576K, used 145459K [0x0000000600000000, 0x0000000800000000)
  region size 4096K, 9 young (36864K), 9 survivors (36864K)
 Metaspace       used 171179K, committed 173376K, reserved 1245184K
  class space    used 21773K, committed 22848K, reserved 1048576K
}
Event: 122.065 GC heap before
{Heap before GC invocations=90 (full 0):
 garbage-first heap   total 536576K, used 423987K [0x0000000600000000, 0x0000000800000000)
  region size 4096K, 78 young (319488K), 9 survivors (36864K)
 Metaspace       used 172235K, committed 174336K, reserved 1245184K
  class space    used 21866K, committed 22912K, reserved 1048576K
}
Event: 122.295 GC heap after
{Heap after GC invocations=91 (full 0):
 garbage-first heap   total 745472K, used 151961K [0x0000000600000000, 0x0000000800000000)
  region size 4096K, 2 young (8192K), 2 survivors (8192K)
 Metaspace       used 172235K, committed 174336K, reserved 1245184K
  class space    used 21866K, committed 22912K, reserved 1048576K
}
Event: 125.465 GC heap before
{Heap before GC invocations=91 (full 0):
 garbage-first heap   total 745472K, used 586137K [0x0000000600000000, 0x0000000800000000)
  region size 4096K, 109 young (446464K), 2 survivors (8192K)
 Metaspace       used 173609K, committed 175744K, reserved 1245184K
  class space    used 21983K, committed 23040K, reserved 1048576K
}
Event: 125.495 GC heap after
{Heap after GC invocations=92 (full 0):
 garbage-first heap   total 745472K, used 158717K [0x0000000600000000, 0x0000000800000000)
  region size 4096K, 3 young (12288K), 3 survivors (12288K)
 Metaspace       used 173609K, committed 175744K, reserved 1245184K
  class space    used 21983K, committed 23040K, reserved 1048576K
}
Event: 126.299 GC heap before
{Heap before GC invocations=92 (full 0):
 garbage-first heap   total 745472K, used 588797K [0x0000000600000000, 0x0000000800000000)
  region size 4096K, 109 young (446464K), 3 survivors (12288K)
 Metaspace       used 173658K, committed 175808K, reserved 1245184K
  class space    used 21983K, committed 23040K, reserved 1048576K
}
Event: 126.312 GC heap after
{Heap after GC invocations=93 (full 0):
 garbage-first heap   total 745472K, used 157823K [0x0000000600000000, 0x0000000800000000)
  region size 4096K, 3 young (12288K), 3 survivors (12288K)
 Metaspace       used 173658K, committed 175808K, reserved 1245184K
  class space    used 21983K, committed 23040K, reserved 1048576K
}
Event: 126.800 GC heap before
{Heap before GC invocations=93 (full 0):
 garbage-first heap   total 745472K, used 591999K [0x0000000600000000, 0x0000000800000000)
  region size 4096K, 109 young (446464K), 3 survivors (12288K)
 Metaspace       used 173712K, committed 175872K, reserved 1245184K
  class space    used 21984K, committed 23040K, reserved 1048576K
}
Event: 126.816 GC heap after
{Heap after GC invocations=94 (full 0):
 garbage-first heap   total 745472K, used 166180K [0x0000000600000000, 0x0000000800000000)
  region size 4096K, 5 young (20480K), 5 survivors (20480K)
 Metaspace       used 173712K, committed 175872K, reserved 1245184K
  class space    used 21984K, committed 23040K, reserved 1048576K
}
Event: 127.157 GC heap before
{Heap before GC invocations=94 (full 0):
 garbage-first heap   total 745472K, used 588068K [0x0000000600000000, 0x0000000800000000)
  region size 4096K, 109 young (446464K), 5 survivors (20480K)
 Metaspace       used 173717K, committed 175872K, reserved 1245184K
  class space    used 21984K, committed 23040K, reserved 1048576K
}
Event: 127.183 GC heap after
{Heap after GC invocations=95 (full 0):
 garbage-first heap   total 745472K, used 172381K [0x0000000600000000, 0x0000000800000000)
  region size 4096K, 7 young (28672K), 7 survivors (28672K)
 Metaspace       used 173717K, committed 175872K, reserved 1245184K
  class space    used 21984K, committed 23040K, reserved 1048576K
}
Event: 127.640 GC heap before
{Heap before GC invocations=95 (full 0):
 garbage-first heap   total 745472K, used 586077K [0x0000000600000000, 0x0000000800000000)
  region size 4096K, 109 young (446464K), 7 survivors (28672K)
 Metaspace       used 173719K, committed 175872K, reserved 1245184K
  class space    used 21984K, committed 23040K, reserved 1048576K
}

